<?xml version="1.0" encoding="UTF-8"?>
<testng-results ignored="0" total="1" passed="1" failed="0" skipped="0">
  <reporter-output>
  </reporter-output>
  <suite started-at="2022-10-08T08:08:28 IST" name="Default suite" finished-at="2022-10-08T08:09:36 IST" duration-ms="67686">
    <groups>
    </groups>
    <test started-at="2022-10-08T08:08:28 IST" name="Default test" finished-at="2022-10-08T08:09:36 IST" duration-ms="67686">
      <class name="TestCasees.verifySignUp">
        <test-method signature="signup()[pri:0, instance:TestCasees.verifySignUp@31368b99]" started-at="2022-10-08T08:08:28 IST" name="signup" finished-at="2022-10-08T08:09:36 IST" duration-ms="67602" status="PASS">
          <reporter-output>
          </reporter-output>
        </test-method> <!-- signup -->
      </class> <!-- TestCasees.verifySignUp -->
    </test> <!-- Default test -->
  </suite> <!-- Default suite -->
</testng-results>
